<?xml version='1.0' encoding='UTF-8'?>
<testsuite hostname="Charless-MacBook-Air.local" name="MapMapSpec" tests="6" errors="0" failures="0" skipped="0" time="0.011" timestamp="2023-10-04T22:19:10">
          <properties>
[...]
</properties>
          <testcase classname="MapMapSpec" name="A map with a single center Red Square tile should provide 4 locations to insert a Red Circle tile" time="0.006">
                      
                    </testcase><testcase classname="MapMapSpec" name="A map with a single center Red Square tile should allow placement of a Red Circle at (0,1)" time="0.0">
                      
                    </testcase><testcase classname="MapMapSpec" name="A map with a single center Red Square tile should then allow placement of a Green Circle at (-1, 1)" time="0.001">
                      
                    </testcase><testcase classname="MapMapSpec" name="A map with a single center Red Square tile should then block insertion of an Orange Square at (2, 2)" time="0.0">
                      
                    </testcase><testcase classname="MapMapSpec" name="A map with a gap only for a Green Star should allow insertion of a Green Star at (1,0)" time="0.0">
                      
                    </testcase><testcase classname="MapMapSpec" name="A map with a gap only for a Green Star should not suggest (0,1) as a place for a Green Diamond" time="0.004">
                      
                    </testcase>
          <system-out><![CDATA[]]></system-out>
          <system-err><![CDATA[]]></system-err>
        </testsuite>